<?xml version="1.0" encoding="UTF-8"?>
<!-- Generated by org.testng.reporters.JUnitReportReporter -->
<testsuite hostname="Mrprajapati" failures="0" tests="1" name="TestLayer.FinishPageTest" time="0.120" errors="0" timestamp="2024-11-01T16:37:11 IST" skipped="0">
  <testcase classname="TestLayer.FinishPageTest" name="validateFinishFunctionality" time="0.120"/>
  <system-out/>
</testsuite> <!-- TestLayer.FinishPageTest -->
