<?xml version="1.0" encoding="UTF-8"?>
<!-- Generated by org.testng.reporters.JUnitReportReporter -->
<testsuite hostname="Mrprajapati" failures="0" tests="1" name="TestLayer.LoginPageTest" time="1.804" errors="0" timestamp="2024-11-01T16:37:11 IST" skipped="0">
  <testcase classname="TestLayer.LoginPageTest" name="loginFunctionality" time="1.804"/>
  <system-out/>
</testsuite> <!-- TestLayer.LoginPageTest -->
